Build started 22/12/2014 02:10:02 p.m..
     1>Project "Z:\Conocimiento\TecnicoCientifico\Electronica\SensoresModulos\Biometrico\HuellaDactilar\GT511C3\GT511C3_Drivers\Windows\WinConsole\WinConsole.vcxproj" on node 2 (build target(s)).
     1>PrepareForBuild:
         Creating directory "Z:\Conocimiento\TecnicoCientifico\Electronica\SensoresModulos\Biometrico\HuellaDactilar\GT511C3\GT511C3_Drivers\Debug\".
       InitializeBuildStatus:
         Creating "Debug\WinConsole.unsuccessfulbuild" because "AlwaysCreate" was specified.
       ClCompile:
         All outputs are up-to-date.
         All outputs are up-to-date.
       ManifestResourceCompile:
         All outputs are up-to-date.
       Link:
         C:\Archivos de programa\Microsoft Visual Studio 10.0\VC\bin\link.exe /ERRORREPORT:PROMPT /OUT:"Z:\Conocimiento\TecnicoCientifico\Electronica\SensoresModulos\Biometrico\HuellaDactilar\GT511C3\GT511C3_Drivers\Debug\WinConsole.exe" /INCREMENTAL /NOLOGO /MANIFEST /ManifestFile:"Debug\WinConsole.exe.intermediate.manifest" /MANIFESTUAC:"level='asInvoker' uiAccess='false'" /DEBUG /PDB:"Z:\Conocimiento\TecnicoCientifico\Electronica\SensoresModulos\Biometrico\HuellaDactilar\GT511C3\GT511C3_Drivers\Debug\WinConsole.pdb" /SUBSYSTEM:CONSOLE /TLBID:1 /DYNAMICBASE /NXCOMPAT /IMPLIB:"Z:\Conocimiento\TecnicoCientifico\Electronica\SensoresModulos\Biometrico\HuellaDactilar\GT511C3\GT511C3_Drivers\Debug\WinConsole.lib" /MACHINE:X86 Debug\WinConsole.exe.embed.manifest.res
         Debug\CCommSerial.obj
         Debug\Console.obj
         Debug\gt511c3.obj
         Debug\stdafx.obj
       Manifest:
         C:\Archivos de programa\Microsoft SDKs\Windows\v7.0A\bin\mt.exe /nologo /verbose /out:"Debug\WinConsole.exe.embed.manifest" /manifest Debug\WinConsole.exe.intermediate.manifest "C:\Archivos de programa\Microsoft Visual Studio 10.0\VC\Include\Manifest\dpiaware.manifest"
         All outputs are up-to-date.
       LinkEmbedManifest:
         All outputs are up-to-date.
         WinConsole.vcxproj -> Z:\Conocimiento\TecnicoCientifico\Electronica\SensoresModulos\Biometrico\HuellaDactilar\GT511C3\GT511C3_Drivers\Debug\WinConsole.exe
       CopyFilesToOutputDirectory:
         Copying file from "Debug\WinConsole.pdb" to "Z:\Conocimiento\TecnicoCientifico\Electronica\SensoresModulos\Biometrico\HuellaDactilar\GT511C3\GT511C3_Drivers\Debug\WinConsole.pdb".
       FinalizeBuildStatus:
         Deleting file "Debug\WinConsole.unsuccessfulbuild".
         Touching "Debug\WinConsole.lastbuildstate".
     1>Done Building Project "Z:\Conocimiento\TecnicoCientifico\Electronica\SensoresModulos\Biometrico\HuellaDactilar\GT511C3\GT511C3_Drivers\Windows\WinConsole\WinConsole.vcxproj" (build target(s)).

Build succeeded.

Time Elapsed 00:00:06.73
