Z:\CONOCIMIENTO\TECNICOCIENTIFICO\ELECTRONICA\SENSORESMODULOS\BIOMETRICO\HUELLADACTILAR\GT511C3\GT511C3_DRIVERS\WINDOWS\WINCONSOLE\DEBUG\CCOMMSERIAL.OBJ
Z:\Conocimiento\TecnicoCientifico\Electronica\SensoresModulos\Biometrico\HuellaDactilar\GT511C3\GT511C3_Drivers\Windows\WinConsole\Debug\cl.command.1.tlog
Z:\Conocimiento\TecnicoCientifico\Electronica\SensoresModulos\Biometrico\HuellaDactilar\GT511C3\GT511C3_Drivers\Windows\WinConsole\Debug\cl.read.1.tlog
Z:\Conocimiento\TecnicoCientifico\Electronica\SensoresModulos\Biometrico\HuellaDactilar\GT511C3\GT511C3_Drivers\Windows\WinConsole\Debug\cl.write.1.tlog
Z:\CONOCIMIENTO\TECNICOCIENTIFICO\ELECTRONICA\SENSORESMODULOS\BIOMETRICO\HUELLADACTILAR\GT511C3\GT511C3_DRIVERS\WINDOWS\WINCONSOLE\DEBUG\CONSOLE.OBJ
Z:\CONOCIMIENTO\TECNICOCIENTIFICO\ELECTRONICA\SENSORESMODULOS\BIOMETRICO\HUELLADACTILAR\GT511C3\GT511C3_DRIVERS\WINDOWS\WINCONSOLE\DEBUG\GT511C3.OBJ
Z:\Conocimiento\TecnicoCientifico\Electronica\SensoresModulos\Biometrico\HuellaDactilar\GT511C3\GT511C3_Drivers\Windows\WinConsole\Debug\link.828.read.1.tlog
Z:\Conocimiento\TecnicoCientifico\Electronica\SensoresModulos\Biometrico\HuellaDactilar\GT511C3\GT511C3_Drivers\Windows\WinConsole\Debug\link.828.write.1.tlog
Z:\Conocimiento\TecnicoCientifico\Electronica\SensoresModulos\Biometrico\HuellaDactilar\GT511C3\GT511C3_Drivers\Windows\WinConsole\Debug\link.828-cvtres.read.1.tlog
Z:\Conocimiento\TecnicoCientifico\Electronica\SensoresModulos\Biometrico\HuellaDactilar\GT511C3\GT511C3_Drivers\Windows\WinConsole\Debug\link.828-cvtres.write.1.tlog
Z:\Conocimiento\TecnicoCientifico\Electronica\SensoresModulos\Biometrico\HuellaDactilar\GT511C3\GT511C3_Drivers\Windows\WinConsole\Debug\link.command.1.tlog
Z:\Conocimiento\TecnicoCientifico\Electronica\SensoresModulos\Biometrico\HuellaDactilar\GT511C3\GT511C3_Drivers\Windows\WinConsole\Debug\link.read.1.tlog
Z:\Conocimiento\TecnicoCientifico\Electronica\SensoresModulos\Biometrico\HuellaDactilar\GT511C3\GT511C3_Drivers\Windows\WinConsole\Debug\link.write.1.tlog
Z:\Conocimiento\TecnicoCientifico\Electronica\SensoresModulos\Biometrico\HuellaDactilar\GT511C3\GT511C3_Drivers\Windows\WinConsole\Debug\link-cvtres.read.1.tlog
Z:\Conocimiento\TecnicoCientifico\Electronica\SensoresModulos\Biometrico\HuellaDactilar\GT511C3\GT511C3_Drivers\Windows\WinConsole\Debug\link-cvtres.write.1.tlog
Z:\Conocimiento\TecnicoCientifico\Electronica\SensoresModulos\Biometrico\HuellaDactilar\GT511C3\GT511C3_Drivers\Windows\WinConsole\Debug\mt.command.1.tlog
Z:\Conocimiento\TecnicoCientifico\Electronica\SensoresModulos\Biometrico\HuellaDactilar\GT511C3\GT511C3_Drivers\Windows\WinConsole\Debug\mt.read.1.tlog
Z:\Conocimiento\TecnicoCientifico\Electronica\SensoresModulos\Biometrico\HuellaDactilar\GT511C3\GT511C3_Drivers\Windows\WinConsole\Debug\mt.write.1.tlog
Z:\Conocimiento\TecnicoCientifico\Electronica\SensoresModulos\Biometrico\HuellaDactilar\GT511C3\GT511C3_Drivers\Windows\WinConsole\Debug\rc.command.1.tlog
Z:\Conocimiento\TecnicoCientifico\Electronica\SensoresModulos\Biometrico\HuellaDactilar\GT511C3\GT511C3_Drivers\Windows\WinConsole\Debug\rc.read.1.tlog
Z:\Conocimiento\TecnicoCientifico\Electronica\SensoresModulos\Biometrico\HuellaDactilar\GT511C3\GT511C3_Drivers\Windows\WinConsole\Debug\rc.write.1.tlog
Z:\CONOCIMIENTO\TECNICOCIENTIFICO\ELECTRONICA\SENSORESMODULOS\BIOMETRICO\HUELLADACTILAR\GT511C3\GT511C3_DRIVERS\WINDOWS\WINCONSOLE\DEBUG\STDAFX.OBJ
Z:\Conocimiento\TecnicoCientifico\Electronica\SensoresModulos\Biometrico\HuellaDactilar\GT511C3\GT511C3_Drivers\Windows\WinConsole\Debug\vc100.idb
Z:\CONOCIMIENTO\TECNICOCIENTIFICO\ELECTRONICA\SENSORESMODULOS\BIOMETRICO\HUELLADACTILAR\GT511C3\GT511C3_DRIVERS\WINDOWS\WINCONSOLE\DEBUG\VC100.PDB
Z:\CONOCIMIENTO\TECNICOCIENTIFICO\ELECTRONICA\SENSORESMODULOS\BIOMETRICO\HUELLADACTILAR\GT511C3\GT511C3_DRIVERS\WINDOWS\WINCONSOLE\DEBUG\WINCONSOLE.EXE
Z:\CONOCIMIENTO\TECNICOCIENTIFICO\ELECTRONICA\SENSORESMODULOS\BIOMETRICO\HUELLADACTILAR\GT511C3\GT511C3_DRIVERS\WINDOWS\WINCONSOLE\DEBUG\WINCONSOLE.EXE.EMBED.MANIFEST
Z:\CONOCIMIENTO\TECNICOCIENTIFICO\ELECTRONICA\SENSORESMODULOS\BIOMETRICO\HUELLADACTILAR\GT511C3\GT511C3_DRIVERS\WINDOWS\WINCONSOLE\DEBUG\WINCONSOLE.EXE.EMBED.MANIFEST.RES
Z:\CONOCIMIENTO\TECNICOCIENTIFICO\ELECTRONICA\SENSORESMODULOS\BIOMETRICO\HUELLADACTILAR\GT511C3\GT511C3_DRIVERS\WINDOWS\WINCONSOLE\DEBUG\WINCONSOLE.EXE.INTERMEDIATE.MANIFEST
Z:\CONOCIMIENTO\TECNICOCIENTIFICO\ELECTRONICA\SENSORESMODULOS\BIOMETRICO\HUELLADACTILAR\GT511C3\GT511C3_DRIVERS\WINDOWS\WINCONSOLE\DEBUG\WINCONSOLE.ILK
Z:\CONOCIMIENTO\TECNICOCIENTIFICO\ELECTRONICA\SENSORESMODULOS\BIOMETRICO\HUELLADACTILAR\GT511C3\GT511C3_DRIVERS\WINDOWS\WINCONSOLE\DEBUG\WINCONSOLE.PCH
Z:\CONOCIMIENTO\TECNICOCIENTIFICO\ELECTRONICA\SENSORESMODULOS\BIOMETRICO\HUELLADACTILAR\GT511C3\GT511C3_DRIVERS\WINDOWS\WINCONSOLE\DEBUG\WINCONSOLE.PDB
Z:\Conocimiento\TecnicoCientifico\Electronica\SensoresModulos\Biometrico\HuellaDactilar\GT511C3\GT511C3_Drivers\Windows\WinConsole\Debug\WinConsole_manifest.rc
